<?xml version="1.0" encoding="UTF-8"?>
<!-- Generated by org.testng.reporters.JUnitReportReporter -->
<testsuite hostname="CHNMCT403078L" failures="0" tests="1" name="Assignments.SeleAdvance_Assign3" time="44.778" errors="0" timestamp="2025-01-05T23:11:14 IST" skipped="0">
  <testcase classname="Assignments.SeleAdvance_Assign3" name="verifyUserDetails" time="44.778"/>
</testsuite> <!-- Assignments.SeleAdvance_Assign3 -->
