<?xml version="1.0" encoding="UTF-8"?>
<!-- Generated by org.testng.reporters.JUnitReportReporter -->
<testsuite hostname="CHNMCT403078L" failures="0" tests="1" name="Assignments.SeleAdvance_Assign4" time="54.444" errors="0" timestamp="2025-01-05T21:48:51 IST" skipped="0">
  <testcase classname="Assignments.SeleAdvance_Assign4" name="checkout" time="54.444"/>
</testsuite> <!-- Assignments.SeleAdvance_Assign4 -->
