<?xml version="1.0" encoding="UTF-8"?>
<!-- Generated by org.testng.reporters.JUnitReportReporter -->
<testsuite hostname="CHNMCT403078L" failures="0" tests="2" name="Assignments.Sele_Basic_Assign_2_sam" time="25.171" errors="0" timestamp="2025-01-02T20:51:08 IST" skipped="0">
  <testcase classname="Assignments.Sele_Basic_Assign_2_sam" name="T1_WebPageTitle" time="7.202"/>
  <testcase classname="Assignments.Sele_Basic_Assign_2_sam" name="T2_radioButtonSelection" time="17.969"/>
</testsuite> <!-- Assignments.Sele_Basic_Assign_2_sam -->
