<?xml version="1.0" encoding="UTF-8"?>
<!-- Generated by org.testng.reporters.JUnitReportReporter -->
<testsuite hostname="CHNMCT403078L" failures="0" tests="1" name="Assignments.SeleAdvance_Assign2" time="38.600" errors="0" timestamp="2025-01-03T10:19:30 IST" skipped="0">
  <testcase classname="Assignments.SeleAdvance_Assign2" name="loginTest" time="38.600"/>
</testsuite> <!-- Assignments.SeleAdvance_Assign2 -->
