<?xml version="1.0" encoding="UTF-8"?>
<!-- Generated by org.testng.reporters.JUnitReportReporter -->
<testsuite hostname="CHNMCT403078L" failures="0" tests="1" name="Assignments.SeleAdv_Assign4" time="81.204" errors="0" timestamp="2025-01-01T00:10:09 IST" skipped="0">
  <testcase classname="Assignments.SeleAdv_Assign4" name="checkout" time="81.204"/>
</testsuite> <!-- Assignments.SeleAdv_Assign4 -->
