<?xml version="1.0" encoding="UTF-8"?>
<!-- Generated by org.testng.reporters.JUnitReportReporter -->
<testsuite hostname="CHNMCT403078L" failures="0" tests="1" name="Assignments.Sele_Basic_Assign_1" time="15.987" errors="0" timestamp="2025-01-30T19:04:41 IST" skipped="0">
  <testcase classname="Assignments.Sele_Basic_Assign_1" name="T2_radioButtonSelection" time="15.987"/>
</testsuite> <!-- Assignments.Sele_Basic_Assign_1 -->
