<?xml version="1.0" encoding="UTF-8"?>
<!-- Generated by org.testng.reporters.JUnitReportReporter -->
<testsuite hostname="CHNMCT403078L" failures="0" tests="1" name="Assignments.SeleAdv_Assign2" time="39.832" errors="0" timestamp="2024-12-31T15:03:54 IST" skipped="0">
  <testcase classname="Assignments.SeleAdv_Assign2" name="loginTest" time="39.832"/>
</testsuite> <!-- Assignments.SeleAdv_Assign2 -->
