<?xml version="1.0" encoding="UTF-8"?>
<!-- Generated by org.testng.reporters.JUnitReportReporter -->
<testsuite hostname="CHNMCT403078L" failures="0" tests="1" name="Assignments.SeleAdv_Assign3" time="64.397" errors="0" timestamp="2024-12-31T21:59:47 IST" skipped="0">
  <testcase classname="Assignments.SeleAdv_Assign3" name="verifyUserDetails" time="64.397"/>
</testsuite> <!-- Assignments.SeleAdv_Assign3 -->
