<?xml version="1.0" encoding="UTF-8"?>
<!-- Generated by org.testng.reporters.JUnitReportReporter -->
<testsuite hostname="CHNMCT403078L" failures="0" tests="1" name="Assignments.SeleAdv_Assign1" time="78.315" errors="0" timestamp="2024-12-31T15:02:54 IST" skipped="0">
  <testcase classname="Assignments.SeleAdv_Assign1" name="fillRegistrationForm" time="78.315"/>
</testsuite> <!-- Assignments.SeleAdv_Assign1 -->
