<?xml version="1.0" encoding="UTF-8"?>
<!-- Generated by org.testng.reporters.JUnitReportReporter -->
<testsuite hostname="CHNMCT403078L" failures="0" tests="1" name="Assignments.SeleAdvance_Assign1" time="77.061" errors="0" timestamp="2025-01-02T22:18:26 IST" skipped="0">
  <testcase classname="Assignments.SeleAdvance_Assign1" name="fillRegistrationForm" time="77.061"/>
</testsuite> <!-- Assignments.SeleAdvance_Assign1 -->
