<?xml version="1.0" encoding="UTF-8"?>
<!-- Generated by org.testng.reporters.JUnitReportReporter -->
<testsuite hostname="CHNMCT403078L" failures="0" tests="6" name="Assignments.Sele_Basic_Assign2" time="108.862" errors="0" timestamp="2025-01-09T02:07:31 IST" skipped="0">
  <testcase classname="Assignments.Sele_Basic_Assign2" name="T6_AccordionMenu" time="22.546"/>
  <testcase classname="Assignments.Sele_Basic_Assign2" name="T2_DatePicker" time="19.633"/>
  <testcase classname="Assignments.Sele_Basic_Assign2" name="T1_SelectMenu" time="39.503"/>
  <testcase classname="Assignments.Sele_Basic_Assign2" name="T5_DroppableMenu" time="6.921"/>
  <testcase classname="Assignments.Sele_Basic_Assign2" name="T3_TooltipMenu" time="6.956"/>
  <testcase classname="Assignments.Sele_Basic_Assign2" name="T4_TabsMenu" time="13.303"/>
</testsuite> <!-- Assignments.Sele_Basic_Assign2 -->
