<?xml version="1.0" encoding="UTF-8"?>
<!-- Generated by org.testng.reporters.JUnitReportReporter -->
<testsuite hostname="CHNMCT403078L" failures="0" tests="1" name="Assignments.T1_WebpageTitle" time="15.303" errors="0" timestamp="2024-12-30T18:35:24 IST" skipped="0">
  <testcase classname="Assignments.T1_WebpageTitle" name="f" time="15.303"/>
</testsuite> <!-- Assignments.T1_WebpageTitle -->
