<?xml version="1.0" encoding="UTF-8"?>
<!-- Generated by org.testng.reporters.JUnitReportReporter -->
<testsuite hostname="CHNMCT403078L" failures="0" tests="1" name="Assignments.NewTest" time="5.549" errors="0" timestamp="2025-01-01T12:43:51 IST" skipped="0">
  <testcase classname="Assignments.NewTest" name="getButtonPosition" time="5.549"/>
</testsuite> <!-- Assignments.NewTest -->
