<?xml version="1.0" encoding="UTF-8"?>
<!-- Generated by org.testng.reporters.JUnitReportReporter -->
<testsuite hostname="CHNMCT403078L" failures="0" tests="1" name="Sample.NewTest" time="22.921" errors="0" timestamp="2025-01-02T07:34:40 IST" skipped="0">
  <testcase classname="Sample.NewTest" name="f" time="22.921"/>
</testsuite> <!-- Sample.NewTest -->
